{"E:\\ARSW\\Proyecto\\battlecaos-gateway\\src\\domain\\router.js": {"path":"E:\\ARSW\\Proyecto\\battlecaos-gateway\\src\\domain\\router.js","statementMap":{"0":{"start":{"line":1,"column":22},"end":{"line":10,"column":1}},"1":{"start":{"line":13,"column":2},"end":{"line":24,"column":null}}},"fnMap":{"0":{"name":"buildMessage","decl":{"start":{"line":12,"column":16},"end":{"line":12,"column":28}},"loc":{"start":{"line":12,"column":70},"end":{"line":25,"column":null}},"line":12}},"branchMap":{"0":{"loc":{"start":{"line":12,"column":56},"end":{"line":12,"column":68}},"type":"default-arg","locations":[{"start":{"line":12,"column":66},"end":{"line":12,"column":68}}],"line":12}},"s":{"0":1,"1":11},"f":{"0":11},"b":{"0":[11]},"meta":{"lastBranch":1,"lastFunction":1,"lastStatement":2,"seen":{"s:1:22:10:1":0,"f:12:16:12:28":0,"b:12:66:12:68":0,"s:13:2:24:Infinity":1},"fnNames":{}}}
}
